Arguments: 
  C:\Program Files\nodejs\node.exe C:\Program Files (x86)\Yarn\bin\yarn.js add @fortawesome/angular-fontawesome

PATH: 
  C:\Program Files (x86)\Common Files\Oracle\Java\javapath;C:\ProgramData\Oracle\Java\javapath;C:\WINDOWS\system32;C:\WINDOWS;C:\WINDOWS\System32\Wbem;C:\WINDOWS\System32\WindowsPowerShell\v1.0\;C:\Users\pkhon\AppData\Local\Android\sdk\tools\bin;C:\Users\pkhon\AppData\Local\Android\sdk\platform-tools;C:\ProgramData\chocolatey\bin;C:\Program Files\nodejs\;C:\Program Files (x86)\GtkSharp\2.12\bin;C:\Program Files\Git\cmd;C:\WINDOWS\System32\OpenSSH\;C:\Program Files (x86)\Yarn\bin\;C:\Program Files\Java\jdk1.8.0_144\bin;C:\Users\pkhon\AppData\Local\Android\sdk1\build-tools\25.0.3\zipalign.exe;C:\openSSL;C:\Users\pkhon\AppData\Local\Programs\Python\Python37-32\Scripts\;C:\Users\pkhon\AppData\Local\Programs\Python\Python37-32\;C:\Ruby24-x64\bin;C:\Users\pkhon\AppData\Local\Microsoft\WindowsApps;C:\Program Files\MongoDB\Server\3.4\bin;C:\Program Files\Microsoft VS Code\bin;C:\Users\pkhon\AppData\Roaming\npm;C:\Program Files\Heroku\bin;C:\Users\pkhon\AppData\Local\GitHubDesktop\bin;C:\Users\pkhon\AppData\Local\Yarn\bin;C:\Users\pkhon\AppData\Local\hyper\app-2.0.0\resources\bin

Yarn version: 
  1.7.0

Node version: 
  8.9.4

Platform: 
  win32 x64

Trace: 
  Error: EPERM: operation not permitted, unlink 'C:\Users\pkhon\AppData\Local\Yarn\Cache\v1\npm-bootstrap-4.1.3-0eb371af2c8448e8c210411d0cb824a6409a12be\.yarn-tarball.tgz'

npm manifest: 
  {
    "name": "angular-electron",
    "version": "4.2.2",
    "description": "Angular 6 with Electron (Typescript + SASS + Hot Reload)",
    "homepage": "https://github.com/maximegris/angular-electron",
    "author": {
      "name": "Maxime GRIS",
      "email": "maxime.gris@gmail.com"
    },
    "keywords": [
      "angular",
      "angular 6",
      "electron",
      "typescript",
      "sass"
    ],
    "main": "main.js",
    "private": true,
    "scripts": {
      "postinstall": "npm run postinstall:electron && npx electron-builder install-app-deps",
      "postinstall:web": "node postinstall-web",
      "postinstall:electron": "node postinstall",
      "ng": "ng",
      "start": "npm run postinstall:electron && npm-run-all -p ng:serve electron:serve",
      "build": "npm run postinstall:electron && npm run electron:serve-tsc && ng build",
      "build:dev": "npm run build -- -c dev",
      "build:prod": "npm run build -- -c production",
      "ng:serve": "ng serve",
      "ng:serve:web": "npm run postinstall:web && ng serve -o",
      "electron:serve-tsc": "tsc -p tsconfig-serve.json",
      "electron:serve": "wait-on http-get://localhost:4200/ && npm run electron:serve-tsc && electron . --serve",
      "electron:local": "npm run build:prod && electron .",
      "electron:linux": "npm run build:prod && npx electron-builder build --linux",
      "electron:windows": "npm run build:prod && npx electron-builder build --windows",
      "electron:mac": "npm run build:prod && npx electron-builder build --mac",
      "test": "npm run postinstall:web && ng test",
      "e2e": "npm run postinstall:web && ng e2e"
    },
    "dependencies": {
      "@angular/material": "^6.4.7",
      "@ng-bootstrap/ng-bootstrap": "^3.2.0",
      "bootstrap": "^4.1.3",
      "jquery": "^3.3.1",
      "ngx-editor": "^3.3.0",
      "popper.js": "^1.14.4"
    },
    "devDependencies": {
      "@angular-devkit/build-angular": "0.6.3",
      "@angular/cli": "6.1.2",
      "@angular/common": "6.1.2",
      "@angular/compiler": "6.1.2",
      "@angular/compiler-cli": "6.1.2",
      "@angular/core": "6.1.2",
      "@angular/forms": "6.1.2",
      "@angular/http": "6.1.2",
      "@angular/language-service": "6.1.2",
      "@angular/platform-browser": "6.1.2",
      "@angular/platform-browser-dynamic": "6.1.2",
      "@angular/router": "6.1.2",
      "@ngx-translate/core": "10.0.1",
      "@ngx-translate/http-loader": "3.0.1",
      "@types/jasmine": "2.8.7",
      "@types/jasminewd2": "2.0.3",
      "@types/node": "8.9.4",
      "codelyzer": "4.2.1",
      "core-js": "2.5.6",
      "electron": "2.0.7",
      "electron-builder": "20.28.1",
      "electron-reload": "1.2.2",
      "jasmine-core": "3.1.0",
      "jasmine-spec-reporter": "4.2.1",
      "karma": "2.0.2",
      "karma-chrome-launcher": "2.2.0",
      "karma-coverage-istanbul-reporter": "2.0.0",
      "karma-jasmine": "1.1.2",
      "karma-jasmine-html-reporter": "1.1.0",
      "npm-run-all": "4.1.3",
      "npx": "10.2.0",
      "protractor": "5.3.2",
      "rxjs": "6.2.2",
      "ts-node": "6.0.3",
      "tslint": "5.10.0",
      "typescript": "2.7.2",
      "wait-on": "2.1.0",
      "webdriver-manager": "12.0.6",
      "zone.js": "0.8.26"
    }
  }

yarn manifest: 
  No manifest

Lockfile: 
  No lockfile
